1,10c1,10
< pg-grimm.txt: 0
< pg-huckleberry_finn.txt: 0
< pg-les_miserables.txt: 0
< pg-metamorphosis.txt: 0
< pg-moby_dick.txt: 0
< pg-sherlock_holmes.txt: 0
< pg-tale_of_two_cities.txt: 0
< pg-tom_sawyer.txt: 0
< pg-ulysses.txt: 0
< pg-war_and_peace.txt: 0
---
> women: 15 pg-being_ernest.txt,pg-dorian_gray.txt,pg-dracula.txt,pg-emma.txt,pg-frankenstein.txt,pg-great_expectations.txt,pg-huckleberry_finn.txt,pg-les_miserables.txt,pg-metamorphosis.txt,pg-moby_dick.txt,pg-sherlock_holmes.txt,pg-tale_of_two_cities.txt,pg-tom_sawyer.txt,pg-ulysses.txt,pg-war_and_peace.txt
> won: 15 pg-being_ernest.txt,pg-dorian_gray.txt,pg-dracula.txt,pg-frankenstein.txt,pg-great_expectations.txt,pg-grimm.txt,pg-huckleberry_finn.txt,pg-les_miserables.txt,pg-metamorphosis.txt,pg-moby_dick.txt,pg-sherlock_holmes.txt,pg-tale_of_two_cities.txt,pg-tom_sawyer.txt,pg-ulysses.txt,pg-war_and_peace.txt
> wonderful: 15 pg-being_ernest.txt,pg-dorian_gray.txt,pg-dracula.txt,pg-emma.txt,pg-frankenstein.txt,pg-great_expectations.txt,pg-grimm.txt,pg-huckleberry_finn.txt,pg-les_miserables.txt,pg-moby_dick.txt,pg-sherlock_holmes.txt,pg-tale_of_two_cities.txt,pg-tom_sawyer.txt,pg-ulysses.txt,pg-war_and_peace.txt
> words: 15 pg-dorian_gray.txt,pg-dracula.txt,pg-emma.txt,pg-frankenstein.txt,pg-great_expectations.txt,pg-grimm.txt,pg-huckleberry_finn.txt,pg-les_miserables.txt,pg-metamorphosis.txt,pg-moby_dick.txt,pg-sherlock_holmes.txt,pg-tale_of_two_cities.txt,pg-tom_sawyer.txt,pg-ulysses.txt,pg-war_and_peace.txt
> worked: 15 pg-dorian_gray.txt,pg-dracula.txt,pg-emma.txt,pg-frankenstein.txt,pg-great_expectations.txt,pg-grimm.txt,pg-huckleberry_finn.txt,pg-les_miserables.txt,pg-metamorphosis.txt,pg-moby_dick.txt,pg-sherlock_holmes.txt,pg-tale_of_two_cities.txt,pg-tom_sawyer.txt,pg-ulysses.txt,pg-war_and_peace.txt
> worse: 15 pg-being_ernest.txt,pg-dorian_gray.txt,pg-dracula.txt,pg-emma.txt,pg-frankenstein.txt,pg-great_expectations.txt,pg-grimm.txt,pg-huckleberry_finn.txt,pg-les_miserables.txt,pg-moby_dick.txt,pg-sherlock_holmes.txt,pg-tale_of_two_cities.txt,pg-tom_sawyer.txt,pg-ulysses.txt,pg-war_and_peace.txt
> wounded: 15 pg-being_ernest.txt,pg-dorian_gray.txt,pg-dracula.txt,pg-emma.txt,pg-frankenstein.txt,pg-great_expectations.txt,pg-grimm.txt,pg-huckleberry_finn.txt,pg-les_miserables.txt,pg-moby_dick.txt,pg-sherlock_holmes.txt,pg-tale_of_two_cities.txt,pg-tom_sawyer.txt,pg-ulysses.txt,pg-war_and_peace.txt
> yes: 15 pg-being_ernest.txt,pg-dorian_gray.txt,pg-dracula.txt,pg-emma.txt,pg-great_expectations.txt,pg-grimm.txt,pg-huckleberry_finn.txt,pg-les_miserables.txt,pg-metamorphosis.txt,pg-moby_dick.txt,pg-sherlock_holmes.txt,pg-tale_of_two_cities.txt,pg-tom_sawyer.txt,pg-ulysses.txt,pg-war_and_peace.txt
> younger: 15 pg-being_ernest.txt,pg-dorian_gray.txt,pg-dracula.txt,pg-emma.txt,pg-frankenstein.txt,pg-great_expectations.txt,pg-grimm.txt,pg-huckleberry_finn.txt,pg-les_miserables.txt,pg-moby_dick.txt,pg-sherlock_holmes.txt,pg-tale_of_two_cities.txt,pg-tom_sawyer.txt,pg-ulysses.txt,pg-war_and_peace.txt
> yours: 15 pg-being_ernest.txt,pg-dorian_gray.txt,pg-dracula.txt,pg-emma.txt,pg-frankenstein.txt,pg-great_expectations.txt,pg-grimm.txt,pg-huckleberry_finn.txt,pg-les_miserables.txt,pg-moby_dick.txt,pg-sherlock_holmes.txt,pg-tale_of_two_cities.txt,pg-tom_sawyer.txt,pg-ulysses.txt,pg-war_and_peace.txt
